<?xml version="1.0" encoding="UTF-8"?>
<testng-results ignored="0" total="10" passed="9" failed="1" skipped="0">
  <reporter-output>
  </reporter-output>
  <suite started-at="2023-05-30T12:19:40 IST" name="Default suite" finished-at="2023-05-30T12:23:02 IST" duration-ms="202448">
    <groups>
    </groups>
    <test started-at="2023-05-30T12:19:40 IST" name="Default test" finished-at="2023-05-30T12:23:02 IST" duration-ms="202448">
      <class name="TstCses.NavMenuTst">
        <test-method is-config="true" signature="initial()[pri:0, instance:TstCses.NavMenuTst@42e99e4a]" started-at="2023-05-30T12:19:40 IST" name="initial" finished-at="2023-05-30T12:19:45 IST" duration-ms="5415" status="PASS">
          <reporter-output>
          </reporter-output>
        </test-method> <!-- initial -->
        <test-method signature="TC1()[pri:1, instance:TstCses.NavMenuTst@42e99e4a]" started-at="2023-05-30T12:19:45 IST" name="TC1" finished-at="2023-05-30T12:19:46 IST" duration-ms="150" status="PASS">
          <reporter-output>
          </reporter-output>
        </test-method> <!-- TC1 -->
        <test-method is-config="true" signature="closure()[pri:0, instance:TstCses.NavMenuTst@42e99e4a]" started-at="2023-05-30T12:19:46 IST" name="closure" finished-at="2023-05-30T12:19:46 IST" duration-ms="272" status="PASS">
          <reporter-output>
          </reporter-output>
        </test-method> <!-- closure -->
        <test-method is-config="true" signature="initial()[pri:0, instance:TstCses.NavMenuTst@42e99e4a]" started-at="2023-05-30T12:19:46 IST" name="initial" finished-at="2023-05-30T12:19:49 IST" duration-ms="2708" status="PASS">
          <reporter-output>
          </reporter-output>
        </test-method> <!-- initial -->
        <test-method signature="TC2()[pri:2, instance:TstCses.NavMenuTst@42e99e4a]" started-at="2023-05-30T12:19:49 IST" name="TC2" finished-at="2023-05-30T12:19:50 IST" duration-ms="1563" status="PASS">
          <reporter-output>
          </reporter-output>
        </test-method> <!-- TC2 -->
        <test-method is-config="true" signature="closure()[pri:0, instance:TstCses.NavMenuTst@42e99e4a]" started-at="2023-05-30T12:19:50 IST" name="closure" finished-at="2023-05-30T12:19:50 IST" duration-ms="302" status="PASS">
          <reporter-output>
          </reporter-output>
        </test-method> <!-- closure -->
        <test-method is-config="true" signature="initial()[pri:0, instance:TstCses.NavMenuTst@42e99e4a]" started-at="2023-05-30T12:19:50 IST" name="initial" finished-at="2023-05-30T12:19:53 IST" duration-ms="3087" status="PASS">
          <reporter-output>
          </reporter-output>
        </test-method> <!-- initial -->
        <test-method signature="TC3()[pri:3, instance:TstCses.NavMenuTst@42e99e4a]" started-at="2023-05-30T12:19:53 IST" name="TC3" finished-at="2023-05-30T12:20:20 IST" duration-ms="26652" status="PASS">
          <reporter-output>
          </reporter-output>
        </test-method> <!-- TC3 -->
        <test-method is-config="true" signature="closure()[pri:0, instance:TstCses.NavMenuTst@42e99e4a]" started-at="2023-05-30T12:20:20 IST" name="closure" finished-at="2023-05-30T12:20:21 IST" duration-ms="390" status="PASS">
          <reporter-output>
          </reporter-output>
        </test-method> <!-- closure -->
        <test-method is-config="true" signature="initial()[pri:0, instance:TstCses.NavMenuTst@42e99e4a]" started-at="2023-05-30T12:20:21 IST" name="initial" finished-at="2023-05-30T12:20:24 IST" duration-ms="3464" status="PASS">
          <reporter-output>
          </reporter-output>
        </test-method> <!-- initial -->
        <test-method signature="TC4()[pri:4, instance:TstCses.NavMenuTst@42e99e4a]" started-at="2023-05-30T12:20:24 IST" name="TC4" finished-at="2023-05-30T12:20:29 IST" duration-ms="4782" status="PASS">
          <reporter-output>
          </reporter-output>
        </test-method> <!-- TC4 -->
        <test-method is-config="true" signature="closure()[pri:0, instance:TstCses.NavMenuTst@42e99e4a]" started-at="2023-05-30T12:20:29 IST" name="closure" finished-at="2023-05-30T12:20:29 IST" duration-ms="632" status="PASS">
          <reporter-output>
          </reporter-output>
        </test-method> <!-- closure -->
        <test-method is-config="true" signature="initial()[pri:0, instance:TstCses.NavMenuTst@42e99e4a]" started-at="2023-05-30T12:20:29 IST" name="initial" finished-at="2023-05-30T12:20:32 IST" duration-ms="2838" status="PASS">
          <reporter-output>
          </reporter-output>
        </test-method> <!-- initial -->
        <test-method signature="TC5()[pri:5, instance:TstCses.NavMenuTst@42e99e4a]" started-at="2023-05-30T12:20:32 IST" name="TC5" finished-at="2023-05-30T12:20:34 IST" duration-ms="1640" status="PASS">
          <reporter-output>
          </reporter-output>
        </test-method> <!-- TC5 -->
        <test-method is-config="true" signature="closure()[pri:0, instance:TstCses.NavMenuTst@42e99e4a]" started-at="2023-05-30T12:20:34 IST" name="closure" finished-at="2023-05-30T12:20:34 IST" duration-ms="341" status="PASS">
          <reporter-output>
          </reporter-output>
        </test-method> <!-- closure -->
        <test-method is-config="true" signature="initial()[pri:0, instance:TstCses.NavMenuTst@42e99e4a]" started-at="2023-05-30T12:20:34 IST" name="initial" finished-at="2023-05-30T12:20:37 IST" duration-ms="2808" status="PASS">
          <reporter-output>
          </reporter-output>
        </test-method> <!-- initial -->
        <test-method signature="TC6()[pri:6, instance:TstCses.NavMenuTst@42e99e4a]" started-at="2023-05-30T12:20:37 IST" name="TC6" finished-at="2023-05-30T12:20:39 IST" duration-ms="1700" status="PASS">
          <reporter-output>
          </reporter-output>
        </test-method> <!-- TC6 -->
        <test-method is-config="true" signature="closure()[pri:0, instance:TstCses.NavMenuTst@42e99e4a]" started-at="2023-05-30T12:20:39 IST" name="closure" finished-at="2023-05-30T12:20:39 IST" duration-ms="372" status="PASS">
          <reporter-output>
          </reporter-output>
        </test-method> <!-- closure -->
        <test-method is-config="true" signature="initial()[pri:0, instance:TstCses.NavMenuTst@42e99e4a]" started-at="2023-05-30T12:20:39 IST" name="initial" finished-at="2023-05-30T12:20:42 IST" duration-ms="2914" status="PASS">
          <reporter-output>
          </reporter-output>
        </test-method> <!-- initial -->
        <test-method signature="TC7()[pri:7, instance:TstCses.NavMenuTst@42e99e4a]" started-at="2023-05-30T12:20:42 IST" name="TC7" finished-at="2023-05-30T12:20:52 IST" duration-ms="9494" status="PASS">
          <reporter-output>
          </reporter-output>
        </test-method> <!-- TC7 -->
        <test-method is-config="true" signature="closure()[pri:0, instance:TstCses.NavMenuTst@42e99e4a]" started-at="2023-05-30T12:20:52 IST" name="closure" finished-at="2023-05-30T12:20:52 IST" duration-ms="417" status="PASS">
          <reporter-output>
          </reporter-output>
        </test-method> <!-- closure -->
        <test-method is-config="true" signature="initial()[pri:0, instance:TstCses.NavMenuTst@42e99e4a]" started-at="2023-05-30T12:20:52 IST" name="initial" finished-at="2023-05-30T12:20:55 IST" duration-ms="3364" status="PASS">
          <reporter-output>
          </reporter-output>
        </test-method> <!-- initial -->
        <test-method signature="TC8()[pri:8, instance:TstCses.NavMenuTst@42e99e4a]" started-at="2023-05-30T12:20:55 IST" name="TC8" finished-at="2023-05-30T12:20:57 IST" duration-ms="1990" status="PASS">
          <reporter-output>
          </reporter-output>
        </test-method> <!-- TC8 -->
        <test-method is-config="true" signature="closure()[pri:0, instance:TstCses.NavMenuTst@42e99e4a]" started-at="2023-05-30T12:20:57 IST" name="closure" finished-at="2023-05-30T12:20:58 IST" duration-ms="299" status="PASS">
          <reporter-output>
          </reporter-output>
        </test-method> <!-- closure -->
        <test-method is-config="true" signature="initial()[pri:0, instance:TstCses.NavMenuTst@42e99e4a]" started-at="2023-05-30T12:20:58 IST" name="initial" finished-at="2023-05-30T12:22:46 IST" duration-ms="108407" status="PASS">
          <reporter-output>
          </reporter-output>
        </test-method> <!-- initial -->
        <test-method signature="TC9()[pri:9, instance:TstCses.NavMenuTst@42e99e4a]" started-at="2023-05-30T12:22:46 IST" name="TC9" finished-at="2023-05-30T12:22:56 IST" duration-ms="10002" status="FAIL">
          <exception class="org.openqa.selenium.NoSuchElementException">
            <message>
              <![CDATA[no such element: Unable to locate element: {"method":"xpath","selector":"//a[text()='Amazon Prime Video']"}
  (Session info: chrome=113.0.5672.93)
For documentation on this error, please visit: https://www.seleniumhq.org/exceptions/no_such_element.html
Build info: version: '3.141.59', revision: 'e82be7d358', time: '2018-11-14T08:17:03'
System info: host: 'LAPTOP-INVDEND0', ip: '192.168.1.6', os.name: 'Windows 11', os.arch: 'amd64', os.version: '10.0', java.version: '18.0.2'
Driver info: org.openqa.selenium.chrome.ChromeDriver
Capabilities {acceptInsecureCerts: false, browserName: chrome, browserVersion: 113.0.5672.93, chrome: {chromedriverVersion: 113.0.5672.63 (0e1a4471d5ae..., userDataDir: C:\Users\KRISHN~1\AppData\L...}, goog:chromeOptions: {debuggerAddress: localhost:23848}, javascriptEnabled: true, networkConnectionEnabled: false, pageLoadStrategy: normal, platform: WINDOWS, platformName: WINDOWS, proxy: Proxy(), setWindowRect: true, strictFileInteractability: false, timeouts: {implicit: 0, pageLoad: 300000, script: 30000}, unhandledPromptBehavior: dismiss and notify, webauthn:extension:credBlob: true, webauthn:extension:largeBlob: true, webauthn:extension:minPinLength: true, webauthn:extension:prf: true, webauthn:virtualAuthenticators: true}
Session ID: 9c0ae49d1ba531962d23d1bb32933858
*** Element info: {Using=xpath, value=//a[text()='Amazon Prime Video']}]]>
            </message>
            <full-stacktrace>
              <![CDATA[org.openqa.selenium.NoSuchElementException: no such element: Unable to locate element: {"method":"xpath","selector":"//a[text()='Amazon Prime Video']"}
  (Session info: chrome=113.0.5672.93)
For documentation on this error, please visit: https://www.seleniumhq.org/exceptions/no_such_element.html
Build info: version: '3.141.59', revision: 'e82be7d358', time: '2018-11-14T08:17:03'
System info: host: 'LAPTOP-INVDEND0', ip: '192.168.1.6', os.name: 'Windows 11', os.arch: 'amd64', os.version: '10.0', java.version: '18.0.2'
Driver info: org.openqa.selenium.chrome.ChromeDriver
Capabilities {acceptInsecureCerts: false, browserName: chrome, browserVersion: 113.0.5672.93, chrome: {chromedriverVersion: 113.0.5672.63 (0e1a4471d5ae..., userDataDir: C:\Users\KRISHN~1\AppData\L...}, goog:chromeOptions: {debuggerAddress: localhost:23848}, javascriptEnabled: true, networkConnectionEnabled: false, pageLoadStrategy: normal, platform: WINDOWS, platformName: WINDOWS, proxy: Proxy(), setWindowRect: true, strictFileInteractability: false, timeouts: {implicit: 0, pageLoad: 300000, script: 30000}, unhandledPromptBehavior: dismiss and notify, webauthn:extension:credBlob: true, webauthn:extension:largeBlob: true, webauthn:extension:minPinLength: true, webauthn:extension:prf: true, webauthn:virtualAuthenticators: true}
Session ID: 9c0ae49d1ba531962d23d1bb32933858
*** Element info: {Using=xpath, value=//a[text()='Amazon Prime Video']}
at java.base/jdk.internal.reflect.DirectConstructorHandleAccessor.newInstance(DirectConstructorHandleAccessor.java:67)
at java.base/java.lang.reflect.Constructor.newInstanceWithCaller(Constructor.java:499)
at java.base/java.lang.reflect.Constructor.newInstance(Constructor.java:483)
at org.openqa.selenium.remote.http.W3CHttpResponseCodec.createException(W3CHttpResponseCodec.java:187)
at org.openqa.selenium.remote.http.W3CHttpResponseCodec.decode(W3CHttpResponseCodec.java:122)
at org.openqa.selenium.remote.http.W3CHttpResponseCodec.decode(W3CHttpResponseCodec.java:49)
at org.openqa.selenium.remote.HttpCommandExecutor.execute(HttpCommandExecutor.java:158)
at org.openqa.selenium.remote.service.DriverCommandExecutor.execute(DriverCommandExecutor.java:83)
at org.openqa.selenium.remote.RemoteWebDriver.execute(RemoteWebDriver.java:552)
at org.openqa.selenium.remote.RemoteWebDriver.findElement(RemoteWebDriver.java:323)
at org.openqa.selenium.remote.RemoteWebDriver.findElementByXPath(RemoteWebDriver.java:428)
at org.openqa.selenium.By$ByXPath.findElement(By.java:353)
at org.openqa.selenium.remote.RemoteWebDriver.findElement(RemoteWebDriver.java:315)
at Base.navigationMenuButton.SubMenuEle(navigationMenuButton.java:169)
at TstCses.NavMenuTst.TC9(NavMenuTst.java:59)
at java.base/jdk.internal.reflect.DirectMethodHandleAccessor.invoke(DirectMethodHandleAccessor.java:104)
at java.base/java.lang.reflect.Method.invoke(Method.java:577)
at org.testng.internal.invokers.MethodInvocationHelper.invokeMethod(MethodInvocationHelper.java:139)
at org.testng.internal.invokers.TestInvoker.invokeMethod(TestInvoker.java:677)
at org.testng.internal.invokers.TestInvoker.invokeTestMethod(TestInvoker.java:221)
at org.testng.internal.invokers.MethodRunner.runInSequence(MethodRunner.java:50)
at org.testng.internal.invokers.TestInvoker$MethodInvocationAgent.invoke(TestInvoker.java:969)
at org.testng.internal.invokers.TestInvoker.invokeTestMethods(TestInvoker.java:194)
at org.testng.internal.invokers.TestMethodWorker.invokeTestMethods(TestMethodWorker.java:148)
at org.testng.internal.invokers.TestMethodWorker.run(TestMethodWorker.java:128)
at java.base/java.util.ArrayList.forEach(ArrayList.java:1511)
at org.testng.TestRunner.privateRun(TestRunner.java:829)
at org.testng.TestRunner.run(TestRunner.java:602)
at org.testng.SuiteRunner.runTest(SuiteRunner.java:437)
at org.testng.SuiteRunner.runSequentially(SuiteRunner.java:431)
at org.testng.SuiteRunner.privateRun(SuiteRunner.java:391)
at org.testng.SuiteRunner.run(SuiteRunner.java:330)
at org.testng.SuiteRunnerWorker.runSuite(SuiteRunnerWorker.java:52)
at org.testng.SuiteRunnerWorker.run(SuiteRunnerWorker.java:95)
at org.testng.TestNG.runSuitesSequentially(TestNG.java:1256)
at org.testng.TestNG.runSuitesLocally(TestNG.java:1176)
at org.testng.TestNG.runSuites(TestNG.java:1099)
at org.testng.TestNG.run(TestNG.java:1067)
at org.testng.remote.AbstractRemoteTestNG.run(AbstractRemoteTestNG.java:115)
at org.testng.remote.RemoteTestNG.initAndRun(RemoteTestNG.java:251)
at org.testng.remote.RemoteTestNG.main(RemoteTestNG.java:77)
]]>
            </full-stacktrace>
          </exception> <!-- org.openqa.selenium.NoSuchElementException -->
          <reporter-output>
          </reporter-output>
        </test-method> <!-- TC9 -->
        <test-method is-config="true" signature="closure()[pri:0, instance:TstCses.NavMenuTst@42e99e4a]" started-at="2023-05-30T12:22:56 IST" name="closure" finished-at="2023-05-30T12:22:56 IST" duration-ms="410" status="PASS">
          <reporter-output>
          </reporter-output>
        </test-method> <!-- closure -->
        <test-method is-config="true" signature="initial()[pri:0, instance:TstCses.NavMenuTst@42e99e4a]" started-at="2023-05-30T12:22:56 IST" name="initial" finished-at="2023-05-30T12:23:00 IST" duration-ms="3294" status="PASS">
          <reporter-output>
          </reporter-output>
        </test-method> <!-- initial -->
        <test-method signature="TC10()[pri:10, instance:TstCses.NavMenuTst@42e99e4a]" started-at="2023-05-30T12:23:00 IST" name="TC10" finished-at="2023-05-30T12:23:02 IST" duration-ms="2346" status="PASS">
          <reporter-output>
          </reporter-output>
        </test-method> <!-- TC10 -->
        <test-method is-config="true" signature="closure()[pri:0, instance:TstCses.NavMenuTst@42e99e4a]" started-at="2023-05-30T12:23:02 IST" name="closure" finished-at="2023-05-30T12:23:02 IST" duration-ms="292" status="PASS">
          <reporter-output>
          </reporter-output>
        </test-method> <!-- closure -->
      </class> <!-- TstCses.NavMenuTst -->
    </test> <!-- Default test -->
  </suite> <!-- Default suite -->
</testng-results>
